{"C:\\Users\\demis.silva\\Documents\\programming\\trilha-react\\02-ignite-timer\\src\\components\\Header\\index.tsx": {"path":"C:\\Users\\demis.silva\\Documents\\programming\\trilha-react\\02-ignite-timer\\src\\components\\Header\\index.tsx","statementMap":{"0":{"start":{"line":8,"column":2},"end":{"line":21,"column":3}}},"fnMap":{"0":{"name":"Header","decl":{"start":{"line":7,"column":16},"end":{"line":7,"column":22}},"loc":{"start":{"line":7,"column":25},"end":{"line":22,"column":1}},"line":7}},"branchMap":{},"s":{"0":0},"f":{"0":0},"b":{}}
,"C:\\Users\\demis.silva\\Documents\\programming\\trilha-react\\02-ignite-timer\\src\\contexts\\useTimer.tsx": {"path":"C:\\Users\\demis.silva\\Documents\\programming\\trilha-react\\02-ignite-timer\\src\\contexts\\useTimer.tsx","statementMap":{"0":{"start":{"line":49,"column":21},"end":{"line":49,"column":59}},"1":{"start":{"line":52,"column":33},"end":{"line":69,"column":3}},"2":{"start":{"line":59,"column":26},"end":{"line":61,"column":7}},"3":{"start":{"line":63,"column":6},"end":{"line":65,"column":7}},"4":{"start":{"line":64,"column":8},"end":{"line":64,"column":38}},"5":{"start":{"line":67,"column":6},"end":{"line":67,"column":25}},"6":{"start":{"line":71,"column":36},"end":{"line":71,"column":46}},"7":{"start":{"line":73,"column":22},"end":{"line":73,"column":72}},"8":{"start":{"line":73,"column":45},"end":{"line":73,"column":71}},"9":{"start":{"line":75,"column":56},"end":{"line":81,"column":4}},"10":{"start":{"line":76,"column":4},"end":{"line":78,"column":5}},"11":{"start":{"line":77,"column":6},"end":{"line":77,"column":77}},"12":{"start":{"line":80,"column":4},"end":{"line":80,"column":12}},"13":{"start":{"line":83,"column":23},"end":{"line":83,"column":71}},"14":{"start":{"line":84,"column":25},"end":{"line":84,"column":77}},"15":{"start":{"line":86,"column":24},"end":{"line":86,"column":55}},"16":{"start":{"line":87,"column":24},"end":{"line":87,"column":43}},"17":{"start":{"line":89,"column":18},"end":{"line":89,"column":56}},"18":{"start":{"line":90,"column":18},"end":{"line":90,"column":56}},"19":{"start":{"line":93,"column":15},"end":{"line":93,"column":43}},"20":{"start":{"line":95,"column":28},"end":{"line":100,"column":5}},"21":{"start":{"line":102,"column":4},"end":{"line":102,"column":41}},"22":{"start":{"line":104,"column":4},"end":{"line":104,"column":29}},"23":{"start":{"line":108,"column":4},"end":{"line":108,"column":43}},"24":{"start":{"line":112,"column":4},"end":{"line":112,"column":48}},"25":{"start":{"line":116,"column":4},"end":{"line":116,"column":35}},"26":{"start":{"line":119,"column":2},"end":{"line":123,"column":18}},"27":{"start":{"line":120,"column":17},"end":{"line":120,"column":43}},"28":{"start":{"line":122,"column":4},"end":{"line":122,"column":66}},"29":{"start":{"line":125,"column":2},"end":{"line":142,"column":3}},"30":{"start":{"line":146,"column":2},"end":{"line":146,"column":33}}},"fnMap":{"0":{"name":"TimerContextProvider","decl":{"start":{"line":51,"column":16},"end":{"line":51,"column":36}},"loc":{"start":{"line":51,"column":78},"end":{"line":143,"column":1}},"line":51},"1":{"name":"(anonymous_1)","decl":{"start":{"line":58,"column":4},"end":{"line":58,"column":5}},"loc":{"start":{"line":58,"column":22},"end":{"line":68,"column":5}},"line":58},"2":{"name":"(anonymous_2)","decl":{"start":{"line":73,"column":34},"end":{"line":73,"column":35}},"loc":{"start":{"line":73,"column":45},"end":{"line":73,"column":71}},"line":73},"3":{"name":"(anonymous_3)","decl":{"start":{"line":75,"column":65},"end":{"line":75,"column":66}},"loc":{"start":{"line":75,"column":71},"end":{"line":81,"column":3}},"line":75},"4":{"name":"createNewCycle","decl":{"start":{"line":92,"column":11},"end":{"line":92,"column":25}},"loc":{"start":{"line":92,"column":49},"end":{"line":105,"column":3}},"line":92},"5":{"name":"interruptCurrentCycle","decl":{"start":{"line":107,"column":11},"end":{"line":107,"column":32}},"loc":{"start":{"line":107,"column":35},"end":{"line":109,"column":3}},"line":107},"6":{"name":"markCurrentCycleAsFinished","decl":{"start":{"line":111,"column":11},"end":{"line":111,"column":37}},"loc":{"start":{"line":111,"column":40},"end":{"line":113,"column":3}},"line":111},"7":{"name":"handleAmountSecondsPassed","decl":{"start":{"line":115,"column":11},"end":{"line":115,"column":36}},"loc":{"start":{"line":115,"column":54},"end":{"line":117,"column":3}},"line":115},"8":{"name":"(anonymous_8)","decl":{"start":{"line":119,"column":12},"end":{"line":119,"column":13}},"loc":{"start":{"line":119,"column":18},"end":{"line":123,"column":3}},"line":119},"9":{"name":"useTimer","decl":{"start":{"line":145,"column":16},"end":{"line":145,"column":24}},"loc":{"start":{"line":145,"column":27},"end":{"line":147,"column":1}},"line":145}},"branchMap":{"0":{"loc":{"start":{"line":63,"column":6},"end":{"line":65,"column":7}},"type":"if","locations":[{"start":{"line":63,"column":6},"end":{"line":65,"column":7}},{"start":{},"end":{}}],"line":63},"1":{"loc":{"start":{"line":76,"column":4},"end":{"line":78,"column":5}},"type":"if","locations":[{"start":{"line":76,"column":4},"end":{"line":78,"column":5}},{"start":{},"end":{}}],"line":76},"2":{"loc":{"start":{"line":83,"column":23},"end":{"line":83,"column":71}},"type":"cond-expr","locations":[{"start":{"line":83,"column":37},"end":{"line":83,"column":67}},{"start":{"line":83,"column":70},"end":{"line":83,"column":71}}],"line":83},"3":{"loc":{"start":{"line":84,"column":25},"end":{"line":84,"column":77}},"type":"cond-expr","locations":[{"start":{"line":84,"column":39},"end":{"line":84,"column":73}},{"start":{"line":84,"column":76},"end":{"line":84,"column":77}}],"line":84}},"s":{"0":1,"1":0,"2":0,"3":0,"4":0,"5":0,"6":0,"7":0,"8":0,"9":0,"10":0,"11":0,"12":0,"13":0,"14":0,"15":0,"16":0,"17":0,"18":0,"19":0,"20":0,"21":0,"22":0,"23":0,"24":0,"25":0,"26":0,"27":0,"28":0,"29":0,"30":0},"f":{"0":0,"1":0,"2":0,"3":0,"4":0,"5":0,"6":0,"7":0,"8":0,"9":0},"b":{"0":[0,0],"1":[0,0],"2":[0,0],"3":[0,0]},"_coverageSchema":"1a1c01bbd47fc00a2c39e90264f33305004495a9","hash":"4b4374d55a7be934a41354c65b8eebdeb7928d9e"}
,"C:\\Users\\demis.silva\\Documents\\programming\\trilha-react\\02-ignite-timer\\src\\pages\\History\\index.tsx": {"path":"C:\\Users\\demis.silva\\Documents\\programming\\trilha-react\\02-ignite-timer\\src\\pages\\History\\index.tsx","statementMap":{"0":{"start":{"line":8,"column":21},"end":{"line":8,"column":31}},"1":{"start":{"line":10,"column":24},"end":{"line":14,"column":6}},"2":{"start":{"line":11,"column":4},"end":{"line":14,"column":6}},"3":{"start":{"line":16,"column":2},"end":{"line":61,"column":3}},"4":{"start":{"line":33,"column":14},"end":{"line":55,"column":19}}},"fnMap":{"0":{"name":"History","decl":{"start":{"line":7,"column":16},"end":{"line":7,"column":23}},"loc":{"start":{"line":7,"column":26},"end":{"line":62,"column":1}},"line":7},"1":{"name":"(anonymous_1)","decl":{"start":{"line":10,"column":24},"end":{"line":10,"column":25}},"loc":{"start":{"line":11,"column":4},"end":{"line":14,"column":6}},"line":11},"2":{"name":"(anonymous_2)","decl":{"start":{"line":32,"column":24},"end":{"line":32,"column":25}},"loc":{"start":{"line":33,"column":14},"end":{"line":55,"column":19}},"line":33}},"branchMap":{"0":{"loc":{"start":{"line":38,"column":17},"end":{"line":42,"column":17}},"type":"binary-expr","locations":[{"start":{"line":38,"column":17},"end":{"line":38,"column":35}},{"start":{"line":39,"column":18},"end":{"line":41,"column":23}}],"line":38},"1":{"loc":{"start":{"line":44,"column":17},"end":{"line":48,"column":17}},"type":"binary-expr","locations":[{"start":{"line":44,"column":17},"end":{"line":44,"column":38}},{"start":{"line":45,"column":18},"end":{"line":47,"column":23}}],"line":44},"2":{"loc":{"start":{"line":50,"column":17},"end":{"line":54,"column":17}},"type":"binary-expr","locations":[{"start":{"line":50,"column":17},"end":{"line":50,"column":36}},{"start":{"line":50,"column":40},"end":{"line":50,"column":62}},{"start":{"line":51,"column":18},"end":{"line":53,"column":23}}],"line":50}},"s":{"0":0,"1":0,"2":0,"3":0,"4":0},"f":{"0":0,"1":0,"2":0},"b":{"0":[0,0],"1":[0,0],"2":[0,0,0]}}
,"C:\\Users\\demis.silva\\Documents\\programming\\trilha-react\\02-ignite-timer\\src\\pages\\Home\\index.tsx": {"path":"C:\\Users\\demis.silva\\Documents\\programming\\trilha-react\\02-ignite-timer\\src\\pages\\Home\\index.tsx","statementMap":{"0":{"start":{"line":15,"column":37},"end":{"line":21,"column":2}},"1":{"start":{"line":26,"column":49},"end":{"line":26,"column":59}},"2":{"start":{"line":28,"column":23},"end":{"line":34,"column":4}},"3":{"start":{"line":36,"column":20},"end":{"line":36,"column":32}},"4":{"start":{"line":38,"column":15},"end":{"line":38,"column":28}},"5":{"start":{"line":39,"column":27},"end":{"line":39,"column":32}},"6":{"start":{"line":41,"column":2},"end":{"line":63,"column":3}}},"fnMap":{"0":{"name":"Home","decl":{"start":{"line":25,"column":16},"end":{"line":25,"column":20}},"loc":{"start":{"line":25,"column":23},"end":{"line":64,"column":1}},"line":25}},"branchMap":{"0":{"loc":{"start":{"line":49,"column":7},"end":{"line":61,"column":7}},"type":"cond-expr","locations":[{"start":{"line":50,"column":8},"end":{"line":52,"column":30}},{"start":{"line":54,"column":8},"end":{"line":60,"column":31}}],"line":49}},"s":{"0":0,"1":0,"2":0,"3":0,"4":0,"5":0,"6":0},"f":{"0":0},"b":{"0":[0,0]}}
,"C:\\Users\\demis.silva\\Documents\\programming\\trilha-react\\02-ignite-timer\\src\\pages\\Home\\components\\CountDown\\index.tsx": {"path":"C:\\Users\\demis.silva\\Documents\\programming\\trilha-react\\02-ignite-timer\\src\\pages\\Home\\components\\CountDown\\index.tsx","statementMap":{"0":{"start":{"line":15,"column":6},"end":{"line":15,"column":16}},"1":{"start":{"line":17,"column":2},"end":{"line":47,"column":4}},"2":{"start":{"line":20,"column":4},"end":{"line":36,"column":5}},"3":{"start":{"line":21,"column":6},"end":{"line":35,"column":14}},"4":{"start":{"line":22,"column":34},"end":{"line":25,"column":9}},"5":{"start":{"line":27,"column":8},"end":{"line":34,"column":9}},"6":{"start":{"line":28,"column":10},"end":{"line":28,"column":38}},"7":{"start":{"line":30,"column":10},"end":{"line":30,"column":49}},"8":{"start":{"line":31,"column":10},"end":{"line":31,"column":33}},"9":{"start":{"line":33,"column":10},"end":{"line":33,"column":54}},"10":{"start":{"line":38,"column":4},"end":{"line":40,"column":5}},"11":{"start":{"line":39,"column":6},"end":{"line":39,"column":29}},"12":{"start":{"line":49,"column":2},"end":{"line":55,"column":37}},"13":{"start":{"line":50,"column":4},"end":{"line":54,"column":5}},"14":{"start":{"line":51,"column":6},"end":{"line":51,"column":46}},"15":{"start":{"line":53,"column":6},"end":{"line":53,"column":37}},"16":{"start":{"line":57,"column":2},"end":{"line":65,"column":3}}},"fnMap":{"0":{"name":"CountDown","decl":{"start":{"line":6,"column":16},"end":{"line":6,"column":25}},"loc":{"start":{"line":6,"column":28},"end":{"line":66,"column":1}},"line":6},"1":{"name":"(anonymous_1)","decl":{"start":{"line":17,"column":12},"end":{"line":17,"column":13}},"loc":{"start":{"line":17,"column":18},"end":{"line":41,"column":3}},"line":17},"2":{"name":"(anonymous_2)","decl":{"start":{"line":21,"column":29},"end":{"line":21,"column":30}},"loc":{"start":{"line":21,"column":35},"end":{"line":35,"column":7}},"line":21},"3":{"name":"(anonymous_3)","decl":{"start":{"line":38,"column":11},"end":{"line":38,"column":12}},"loc":{"start":{"line":38,"column":17},"end":{"line":40,"column":5}},"line":38},"4":{"name":"(anonymous_4)","decl":{"start":{"line":49,"column":12},"end":{"line":49,"column":13}},"loc":{"start":{"line":49,"column":18},"end":{"line":55,"column":3}},"line":49}},"branchMap":{"0":{"loc":{"start":{"line":20,"column":4},"end":{"line":36,"column":5}},"type":"if","locations":[{"start":{"line":20,"column":4},"end":{"line":36,"column":5}},{"start":{},"end":{}}],"line":20},"1":{"loc":{"start":{"line":27,"column":8},"end":{"line":34,"column":9}},"type":"if","locations":[{"start":{"line":27,"column":8},"end":{"line":34,"column":9}},{"start":{"line":32,"column":15},"end":{"line":34,"column":9}}],"line":27},"2":{"loc":{"start":{"line":50,"column":4},"end":{"line":54,"column":5}},"type":"if","locations":[{"start":{"line":50,"column":4},"end":{"line":54,"column":5}},{"start":{"line":52,"column":11},"end":{"line":54,"column":5}}],"line":50}},"s":{"0":0,"1":0,"2":0,"3":0,"4":0,"5":0,"6":0,"7":0,"8":0,"9":0,"10":0,"11":0,"12":0,"13":0,"14":0,"15":0,"16":0},"f":{"0":0,"1":0,"2":0,"3":0,"4":0},"b":{"0":[0,0],"1":[0,0],"2":[0,0]},"_coverageSchema":"1a1c01bbd47fc00a2c39e90264f33305004495a9","hash":"bd9e3f3364af03017713f1b0625c864efc7267cb"}
,"C:\\Users\\demis.silva\\Documents\\programming\\trilha-react\\02-ignite-timer\\src\\pages\\Home\\components\\NewCycleForm\\index.tsx": {"path":"C:\\Users\\demis.silva\\Documents\\programming\\trilha-react\\02-ignite-timer\\src\\pages\\Home\\components\\NewCycleForm\\index.tsx","statementMap":{"0":{"start":{"line":6,"column":42},"end":{"line":6,"column":52}},"1":{"start":{"line":7,"column":44},"end":{"line":7,"column":60}},"2":{"start":{"line":10,"column":4},"end":{"line":10,"column":24}},"3":{"start":{"line":11,"column":4},"end":{"line":11,"column":11}},"4":{"start":{"line":14,"column":2},"end":{"line":48,"column":3}}},"fnMap":{"0":{"name":"NewCycleForm","decl":{"start":{"line":5,"column":16},"end":{"line":5,"column":28}},"loc":{"start":{"line":5,"column":31},"end":{"line":49,"column":1}},"line":5},"1":{"name":"handleCreateNewCycle","decl":{"start":{"line":9,"column":11},"end":{"line":9,"column":31}},"loc":{"start":{"line":9,"column":55},"end":{"line":12,"column":3}},"line":9}},"branchMap":{},"s":{"0":0,"1":0,"2":0,"3":0,"4":0},"f":{"0":0,"1":0},"b":{}}
}
