TN:
SF:src\components\Header\index.tsx
FN:7,Header
FNF:1
FNH:0
FNDA:0,Header
DA:8,0
LF:1
LH:0
BRF:0
BRH:0
end_of_record
TN:
SF:src\contexts\useTimer.tsx
FN:51,TimerContextProvider
FN:58,(anonymous_1)
FN:73,(anonymous_2)
FN:75,(anonymous_3)
FN:92,createNewCycle
FN:107,interruptCurrentCycle
FN:111,markCurrentCycleAsFinished
FN:115,handleAmountSecondsPassed
FN:119,(anonymous_8)
FN:145,useTimer
FNF:10
FNH:0
FNDA:0,TimerContextProvider
FNDA:0,(anonymous_1)
FNDA:0,(anonymous_2)
FNDA:0,(anonymous_3)
FNDA:0,createNewCycle
FNDA:0,interruptCurrentCycle
FNDA:0,markCurrentCycleAsFinished
FNDA:0,handleAmountSecondsPassed
FNDA:0,(anonymous_8)
FNDA:0,useTimer
DA:49,1
DA:52,0
DA:59,0
DA:63,0
DA:64,0
DA:67,0
DA:71,0
DA:73,0
DA:75,0
DA:76,0
DA:77,0
DA:80,0
DA:83,0
DA:84,0
DA:86,0
DA:87,0
DA:89,0
DA:90,0
DA:93,0
DA:95,0
DA:102,0
DA:104,0
DA:108,0
DA:112,0
DA:116,0
DA:119,0
DA:120,0
DA:122,0
DA:125,0
DA:146,0
LF:30
LH:1
BRDA:63,0,0,0
BRDA:63,0,1,0
BRDA:76,1,0,0
BRDA:76,1,1,0
BRDA:83,2,0,0
BRDA:83,2,1,0
BRDA:84,3,0,0
BRDA:84,3,1,0
BRF:8
BRH:0
end_of_record
TN:
SF:src\pages\History\index.tsx
FN:7,History
FN:10,(anonymous_1)
FN:32,(anonymous_2)
FNF:3
FNH:0
FNDA:0,History
FNDA:0,(anonymous_1)
FNDA:0,(anonymous_2)
DA:8,0
DA:10,0
DA:11,0
DA:16,0
DA:33,0
LF:5
LH:0
BRDA:38,0,0,0
BRDA:38,0,1,0
BRDA:44,1,0,0
BRDA:44,1,1,0
BRDA:50,2,0,0
BRDA:50,2,1,0
BRDA:50,2,2,0
BRF:7
BRH:0
end_of_record
TN:
SF:src\pages\Home\index.tsx
FN:25,Home
FNF:1
FNH:0
FNDA:0,Home
DA:15,0
DA:26,0
DA:28,0
DA:36,0
DA:38,0
DA:39,0
DA:41,0
LF:7
LH:0
BRDA:49,0,0,0
BRDA:49,0,1,0
BRF:2
BRH:0
end_of_record
TN:
SF:src\pages\Home\components\CountDown\index.tsx
FN:6,CountDown
FN:17,(anonymous_1)
FN:21,(anonymous_2)
FN:38,(anonymous_3)
FN:49,(anonymous_4)
FNF:5
FNH:0
FNDA:0,CountDown
FNDA:0,(anonymous_1)
FNDA:0,(anonymous_2)
FNDA:0,(anonymous_3)
FNDA:0,(anonymous_4)
DA:15,0
DA:17,0
DA:20,0
DA:21,0
DA:22,0
DA:27,0
DA:28,0
DA:30,0
DA:31,0
DA:33,0
DA:38,0
DA:39,0
DA:49,0
DA:50,0
DA:51,0
DA:53,0
DA:57,0
LF:17
LH:0
BRDA:20,0,0,0
BRDA:20,0,1,0
BRDA:27,1,0,0
BRDA:27,1,1,0
BRDA:50,2,0,0
BRDA:50,2,1,0
BRF:6
BRH:0
end_of_record
TN:
SF:src\pages\Home\components\NewCycleForm\index.tsx
FN:5,NewCycleForm
FN:9,handleCreateNewCycle
FNF:2
FNH:0
FNDA:0,NewCycleForm
FNDA:0,handleCreateNewCycle
DA:6,0
DA:7,0
DA:10,0
DA:11,0
DA:14,0
LF:5
LH:0
BRF:0
BRH:0
end_of_record
